<?xml version="1.0" encoding="UTF-8"?>
<!-- Generated by org.testng.reporters.JUnitXMLReporter -->
<testsuite hostname="LAPTOP-5MSMT5PF" ignored="0" name="Test" tests="2" failures="1" timestamp="10 Sep 2019 17:04:25 GMT" time="64.185" errors="0">
  <testcase name="validLogin" time="3.462" classname="scripts.LoginTest"/>
  <testcase name="invalidLogin" time="22.942" classname="scripts.LoginTest">
    <failure type="java.lang.AssertionError" message="null">
      <![CDATA[java.lang.AssertionError: null
at page.LoginPage.verifyErrorMsg(LoginPage.java:89)
at scripts.LoginTest.invalidLogin(LoginTest.java:91)
... Removed 27 stack frames]]>
    </failure>
  </testcase> <!-- invalidLogin -->
</testsuite> <!-- Test -->
